[debug] [2023-02-10T23:28:16.312Z] ----------------------------------------------------------------------
[debug] [2023-02-10T23:28:16.315Z] Command:       /Users/petermacbookpro/.nvm/versions/node/v18.0.0/bin/node /Users/petermacbookpro/.nvm/versions/node/v18.0.0/bin/firebase deploy --only functions
[debug] [2023-02-10T23:28:16.315Z] CLI Version:   11.22.0
[debug] [2023-02-10T23:28:16.315Z] Platform:      darwin
[debug] [2023-02-10T23:28:16.316Z] Node Version:  v18.0.0
[debug] [2023-02-10T23:28:16.322Z] Time:          Fri Feb 10 2023 18:28:16 GMT-0500 (Eastern Standard Time)
[debug] [2023-02-10T23:28:16.322Z] ----------------------------------------------------------------------
[debug] 
[debug] [2023-02-10T23:28:16.391Z] > command requires scopes: ["email","openid","https://www.googleapis.com/auth/cloudplatformprojects.readonly","https://www.googleapis.com/auth/firebase","https://www.googleapis.com/auth/cloud-platform"]
[debug] [2023-02-10T23:28:16.391Z] > authorizing via signed-in user (bklynpeter@gmail.com)
[debug] [2023-02-10T23:28:16.392Z] [iam] checking project reddit-clone-7cc2f for permissions ["cloudfunctions.functions.create","cloudfunctions.functions.delete","cloudfunctions.functions.get","cloudfunctions.functions.list","cloudfunctions.functions.update","cloudfunctions.operations.get","firebase.projects.get"]
[debug] [2023-02-10T23:28:16.395Z] >>> [apiv2][query] POST https://cloudresourcemanager.googleapis.com/v1/projects/reddit-clone-7cc2f:testIamPermissions [none]
[debug] [2023-02-10T23:28:16.395Z] >>> [apiv2][(partial)header] POST https://cloudresourcemanager.googleapis.com/v1/projects/reddit-clone-7cc2f:testIamPermissions x-goog-quota-user=projects/reddit-clone-7cc2f
[debug] [2023-02-10T23:28:16.395Z] >>> [apiv2][body] POST https://cloudresourcemanager.googleapis.com/v1/projects/reddit-clone-7cc2f:testIamPermissions {"permissions":["cloudfunctions.functions.create","cloudfunctions.functions.delete","cloudfunctions.functions.get","cloudfunctions.functions.list","cloudfunctions.functions.update","cloudfunctions.operations.get","firebase.projects.get"]}
[debug] [2023-02-10T23:28:16.745Z] <<< [apiv2][status] POST https://cloudresourcemanager.googleapis.com/v1/projects/reddit-clone-7cc2f:testIamPermissions 200
[debug] [2023-02-10T23:28:16.745Z] <<< [apiv2][body] POST https://cloudresourcemanager.googleapis.com/v1/projects/reddit-clone-7cc2f:testIamPermissions {"permissions":["cloudfunctions.functions.create","cloudfunctions.functions.delete","cloudfunctions.functions.get","cloudfunctions.functions.list","cloudfunctions.functions.update","cloudfunctions.operations.get","firebase.projects.get"]}
[debug] [2023-02-10T23:28:16.746Z] >>> [apiv2][query] POST https://iam.googleapis.com/v1/projects/reddit-clone-7cc2f/serviceAccounts/reddit-clone-7cc2f@appspot.gserviceaccount.com:testIamPermissions [none]
[debug] [2023-02-10T23:28:16.746Z] >>> [apiv2][body] POST https://iam.googleapis.com/v1/projects/reddit-clone-7cc2f/serviceAccounts/reddit-clone-7cc2f@appspot.gserviceaccount.com:testIamPermissions {"permissions":["iam.serviceAccounts.actAs"]}
[debug] [2023-02-10T23:28:16.910Z] <<< [apiv2][status] POST https://iam.googleapis.com/v1/projects/reddit-clone-7cc2f/serviceAccounts/reddit-clone-7cc2f@appspot.gserviceaccount.com:testIamPermissions 200
[debug] [2023-02-10T23:28:16.910Z] <<< [apiv2][body] POST https://iam.googleapis.com/v1/projects/reddit-clone-7cc2f/serviceAccounts/reddit-clone-7cc2f@appspot.gserviceaccount.com:testIamPermissions {"permissions":["iam.serviceAccounts.actAs"]}
[info] 
[info] === Deploying to 'reddit-clone-7cc2f'...
[info] 
[info] i  deploying functions 
[info] Running command: npm --prefix "$RESOURCE_DIR" run build
[info] ✔  functions: Finished running predeploy script. 
[debug] [2023-02-10T23:28:24.050Z] >>> [apiv2][query] GET https://firebase.googleapis.com/v1beta1/projects/reddit-clone-7cc2f [none]
[debug] [2023-02-10T23:28:24.424Z] <<< [apiv2][status] GET https://firebase.googleapis.com/v1beta1/projects/reddit-clone-7cc2f 200
[debug] [2023-02-10T23:28:24.425Z] <<< [apiv2][body] GET https://firebase.googleapis.com/v1beta1/projects/reddit-clone-7cc2f {"projectId":"reddit-clone-7cc2f","projectNumber":"175757989798","displayName":"Reddit Clone","name":"projects/reddit-clone-7cc2f","resources":{"hostingSite":"reddit-clone-7cc2f"},"state":"ACTIVE","etag":"1_43de225a-7f2b-43ff-9a18-817a6596bff0"}
[info] i  functions: preparing codebase default for deployment 
[info] i  functions: ensuring required API cloudfunctions.googleapis.com is enabled... 
[info] i  functions: ensuring required API cloudbuild.googleapis.com is enabled... 
[info] i  artifactregistry: ensuring required API artifactregistry.googleapis.com is enabled... 
[debug] [2023-02-10T23:28:24.427Z] >>> [apiv2][query] GET https://serviceusage.googleapis.com/v1/projects/reddit-clone-7cc2f/services/cloudfunctions.googleapis.com [none]
[debug] [2023-02-10T23:28:24.427Z] >>> [apiv2][(partial)header] GET https://serviceusage.googleapis.com/v1/projects/reddit-clone-7cc2f/services/cloudfunctions.googleapis.com x-goog-quota-user=projects/reddit-clone-7cc2f
[debug] [2023-02-10T23:28:24.429Z] >>> [apiv2][query] GET https://serviceusage.googleapis.com/v1/projects/reddit-clone-7cc2f/services/runtimeconfig.googleapis.com [none]
[debug] [2023-02-10T23:28:24.429Z] >>> [apiv2][(partial)header] GET https://serviceusage.googleapis.com/v1/projects/reddit-clone-7cc2f/services/runtimeconfig.googleapis.com x-goog-quota-user=projects/reddit-clone-7cc2f
[debug] [2023-02-10T23:28:24.432Z] >>> [apiv2][query] GET https://serviceusage.googleapis.com/v1/projects/reddit-clone-7cc2f/services/cloudbuild.googleapis.com [none]
[debug] [2023-02-10T23:28:24.432Z] >>> [apiv2][(partial)header] GET https://serviceusage.googleapis.com/v1/projects/reddit-clone-7cc2f/services/cloudbuild.googleapis.com x-goog-quota-user=projects/reddit-clone-7cc2f
[debug] [2023-02-10T23:28:24.437Z] >>> [apiv2][query] GET https://serviceusage.googleapis.com/v1/projects/reddit-clone-7cc2f/services/artifactregistry.googleapis.com [none]
[debug] [2023-02-10T23:28:24.437Z] >>> [apiv2][(partial)header] GET https://serviceusage.googleapis.com/v1/projects/reddit-clone-7cc2f/services/artifactregistry.googleapis.com x-goog-quota-user=projects/reddit-clone-7cc2f
[debug] [2023-02-10T23:28:25.247Z] <<< [apiv2][status] GET https://serviceusage.googleapis.com/v1/projects/reddit-clone-7cc2f/services/artifactregistry.googleapis.com 200
[debug] [2023-02-10T23:28:25.248Z] <<< [apiv2][body] GET https://serviceusage.googleapis.com/v1/projects/reddit-clone-7cc2f/services/artifactregistry.googleapis.com [omitted]
[warn] ⚠  artifactregistry: missing required API artifactregistry.googleapis.com. Enabling now... 
[debug] [2023-02-10T23:28:25.249Z] >>> [apiv2][query] POST https://serviceusage.googleapis.com/v1/projects/reddit-clone-7cc2f/services/artifactregistry.googleapis.com:enable [none]
[debug] [2023-02-10T23:28:25.249Z] >>> [apiv2][(partial)header] POST https://serviceusage.googleapis.com/v1/projects/reddit-clone-7cc2f/services/artifactregistry.googleapis.com:enable x-goog-quota-user=projects/reddit-clone-7cc2f
[debug] [2023-02-10T23:28:25.257Z] <<< [apiv2][status] GET https://serviceusage.googleapis.com/v1/projects/reddit-clone-7cc2f/services/runtimeconfig.googleapis.com 200
[debug] [2023-02-10T23:28:25.257Z] <<< [apiv2][body] GET https://serviceusage.googleapis.com/v1/projects/reddit-clone-7cc2f/services/runtimeconfig.googleapis.com [omitted]
[debug] [2023-02-10T23:28:25.261Z] <<< [apiv2][status] GET https://serviceusage.googleapis.com/v1/projects/reddit-clone-7cc2f/services/cloudbuild.googleapis.com 200
[debug] [2023-02-10T23:28:25.262Z] <<< [apiv2][body] GET https://serviceusage.googleapis.com/v1/projects/reddit-clone-7cc2f/services/cloudbuild.googleapis.com [omitted]
[warn] ⚠  functions: missing required API cloudbuild.googleapis.com. Enabling now... 
[debug] [2023-02-10T23:28:25.262Z] >>> [apiv2][query] POST https://serviceusage.googleapis.com/v1/projects/reddit-clone-7cc2f/services/cloudbuild.googleapis.com:enable [none]
[debug] [2023-02-10T23:28:25.262Z] >>> [apiv2][(partial)header] POST https://serviceusage.googleapis.com/v1/projects/reddit-clone-7cc2f/services/cloudbuild.googleapis.com:enable x-goog-quota-user=projects/reddit-clone-7cc2f
[debug] [2023-02-10T23:28:25.292Z] <<< [apiv2][status] GET https://serviceusage.googleapis.com/v1/projects/reddit-clone-7cc2f/services/cloudfunctions.googleapis.com 200
[debug] [2023-02-10T23:28:25.292Z] <<< [apiv2][body] GET https://serviceusage.googleapis.com/v1/projects/reddit-clone-7cc2f/services/cloudfunctions.googleapis.com [omitted]
[info] ✔  functions: required API cloudfunctions.googleapis.com is enabled 
[debug] [2023-02-10T23:28:26.491Z] <<< [apiv2][status] POST https://serviceusage.googleapis.com/v1/projects/reddit-clone-7cc2f/services/cloudbuild.googleapis.com:enable 200
[debug] [2023-02-10T23:28:26.491Z] <<< [apiv2][body] POST https://serviceusage.googleapis.com/v1/projects/reddit-clone-7cc2f/services/cloudbuild.googleapis.com:enable [omitted]
[debug] [2023-02-10T23:28:26.515Z] <<< [apiv2][status] POST https://serviceusage.googleapis.com/v1/projects/reddit-clone-7cc2f/services/artifactregistry.googleapis.com:enable 200
[debug] [2023-02-10T23:28:26.515Z] <<< [apiv2][body] POST https://serviceusage.googleapis.com/v1/projects/reddit-clone-7cc2f/services/artifactregistry.googleapis.com:enable [omitted]
[debug] [2023-02-10T23:28:36.493Z] >>> [apiv2][query] GET https://serviceusage.googleapis.com/v1/projects/reddit-clone-7cc2f/services/cloudbuild.googleapis.com [none]
[debug] [2023-02-10T23:28:36.493Z] >>> [apiv2][(partial)header] GET https://serviceusage.googleapis.com/v1/projects/reddit-clone-7cc2f/services/cloudbuild.googleapis.com x-goog-quota-user=projects/reddit-clone-7cc2f
[debug] [2023-02-10T23:28:36.515Z] >>> [apiv2][query] GET https://serviceusage.googleapis.com/v1/projects/reddit-clone-7cc2f/services/artifactregistry.googleapis.com [none]
[debug] [2023-02-10T23:28:36.516Z] >>> [apiv2][(partial)header] GET https://serviceusage.googleapis.com/v1/projects/reddit-clone-7cc2f/services/artifactregistry.googleapis.com x-goog-quota-user=projects/reddit-clone-7cc2f
[debug] [2023-02-10T23:28:36.942Z] <<< [apiv2][status] GET https://serviceusage.googleapis.com/v1/projects/reddit-clone-7cc2f/services/cloudbuild.googleapis.com 200
[debug] [2023-02-10T23:28:36.943Z] <<< [apiv2][body] GET https://serviceusage.googleapis.com/v1/projects/reddit-clone-7cc2f/services/cloudbuild.googleapis.com [omitted]
[info] ✔  functions: required API cloudbuild.googleapis.com is enabled 
[debug] [2023-02-10T23:28:37.019Z] <<< [apiv2][status] GET https://serviceusage.googleapis.com/v1/projects/reddit-clone-7cc2f/services/artifactregistry.googleapis.com 200
[debug] [2023-02-10T23:28:37.019Z] <<< [apiv2][body] GET https://serviceusage.googleapis.com/v1/projects/reddit-clone-7cc2f/services/artifactregistry.googleapis.com [omitted]
[info] ✔  artifactregistry: required API artifactregistry.googleapis.com is enabled 
[debug] [2023-02-10T23:28:37.025Z] >>> [apiv2][query] GET https://firebase.googleapis.com/v1beta1/projects/reddit-clone-7cc2f/adminSdkConfig [none]
[debug] [2023-02-10T23:28:37.552Z] <<< [apiv2][status] GET https://firebase.googleapis.com/v1beta1/projects/reddit-clone-7cc2f/adminSdkConfig 200
[debug] [2023-02-10T23:28:37.552Z] <<< [apiv2][body] GET https://firebase.googleapis.com/v1beta1/projects/reddit-clone-7cc2f/adminSdkConfig {"projectId":"reddit-clone-7cc2f","storageBucket":"reddit-clone-7cc2f.appspot.com"}
[debug] [2023-02-10T23:28:37.553Z] >>> [apiv2][query] GET https://runtimeconfig.googleapis.com/v1beta1/projects/reddit-clone-7cc2f/configs [none]
[debug] [2023-02-10T23:28:37.856Z] <<< [apiv2][status] GET https://runtimeconfig.googleapis.com/v1beta1/projects/reddit-clone-7cc2f/configs 200
[debug] [2023-02-10T23:28:37.856Z] <<< [apiv2][body] GET https://runtimeconfig.googleapis.com/v1beta1/projects/reddit-clone-7cc2f/configs {}
[debug] [2023-02-10T23:28:37.857Z] Validating nodejs source
[warn] ⚠  functions: package.json indicates an outdated version of firebase-functions. Please upgrade using npm install --save firebase-functions@latest in your functions directory. 
[warn] ⚠  functions: Please note that there will be breaking changes when you upgrade. 
[debug] [2023-02-10T23:28:38.697Z] > [functions] package.json contents: {
  "name": "functions",
  "scripts": {
    "build": "tsc",
    "build:watch": "tsc --watch",
    "serve": "npm run build && firebase emulators:start --only functions",
    "shell": "npm run build && firebase functions:shell",
    "start": "npm run shell",
    "deploy": "firebase deploy --only functions",
    "logs": "firebase functions:log"
  },
  "engines": {
    "node": "16"
  },
  "main": "lib/index.js",
  "dependencies": {
    "firebase-admin": "^10.2.0",
    "firebase-functions": "^3.21.0"
  },
  "devDependencies": {
    "typescript": "^4.6.4"
  },
  "private": true
}
[debug] [2023-02-10T23:28:38.698Z] Building nodejs source
[debug] [2023-02-10T23:28:38.701Z] Could not find functions.yaml. Must use http discovery
[debug] [2023-02-10T23:28:38.711Z] Found firebase-functions binary at '/Users/petermacbookpro/Developer/reddit-clone/functions/node_modules/.bin/firebase-functions'
[debug] [2023-02-10T23:28:39.032Z] Serving at port 8516

[debug] [2023-02-10T23:28:39.135Z] Got response from /__/functions.yaml {"endpoints":{"createUserDocument":{"platform":"gcfv1","eventTrigger":{"eventType":"providers/firebase.auth/eventTypes/user.create","eventFilters":{"resource":"projects/reddit-clone-7cc2f"},"retry":false},"labels":{},"entryPoint":"createUserDocument"}},"specVersion":"v1alpha1","requiredAPIs":[]}
[debug] [2023-02-10T23:28:39.145Z] shutdown requested via /__/quitquitquit

[info] i  functions: preparing functions directory for uploading... 
[info] i  functions: packaged /Users/petermacbookpro/Developer/reddit-clone/functions (55.48 KB) for uploading 
[debug] [2023-02-10T23:28:39.212Z] >>> [apiv2][query] GET https://cloudfunctions.googleapis.com/v1/projects/reddit-clone-7cc2f/locations/-/functions [none]
[debug] [2023-02-10T23:28:39.699Z] <<< [apiv2][status] GET https://cloudfunctions.googleapis.com/v1/projects/reddit-clone-7cc2f/locations/-/functions 200
[debug] [2023-02-10T23:28:39.699Z] <<< [apiv2][body] GET https://cloudfunctions.googleapis.com/v1/projects/reddit-clone-7cc2f/locations/-/functions {}
[debug] [2023-02-10T23:28:39.699Z] >>> [apiv2][query] GET https://cloudfunctions.googleapis.com/v2/projects/reddit-clone-7cc2f/locations/-/functions filter=environment%3D%22GEN_2%22
[debug] [2023-02-10T23:28:40.248Z] <<< [apiv2][status] GET https://cloudfunctions.googleapis.com/v2/projects/reddit-clone-7cc2f/locations/-/functions 200
[debug] [2023-02-10T23:28:40.248Z] <<< [apiv2][body] GET https://cloudfunctions.googleapis.com/v2/projects/reddit-clone-7cc2f/locations/-/functions {}
[debug] [2023-02-10T23:28:40.264Z] >>> [apiv2][query] GET https://firebase.googleapis.com/v1beta1/projects/reddit-clone-7cc2f [none]
[debug] [2023-02-10T23:28:40.589Z] <<< [apiv2][status] GET https://firebase.googleapis.com/v1beta1/projects/reddit-clone-7cc2f 200
[debug] [2023-02-10T23:28:40.590Z] <<< [apiv2][body] GET https://firebase.googleapis.com/v1beta1/projects/reddit-clone-7cc2f {"projectId":"reddit-clone-7cc2f","projectNumber":"175757989798","displayName":"Reddit Clone","name":"projects/reddit-clone-7cc2f","resources":{"hostingSite":"reddit-clone-7cc2f"},"state":"ACTIVE","etag":"1_43de225a-7f2b-43ff-9a18-817a6596bff0"}
[debug] [2023-02-10T23:28:40.591Z] >>> [apiv2][query] POST https://cloudfunctions.googleapis.com/v1/projects/reddit-clone-7cc2f/locations/us-central1/functions:generateUploadUrl [none]
[debug] [2023-02-10T23:28:40.591Z] >>> [apiv2][body] POST https://cloudfunctions.googleapis.com/v1/projects/reddit-clone-7cc2f/locations/us-central1/functions:generateUploadUrl {}
[debug] [2023-02-10T23:28:50.534Z] <<< [apiv2][status] POST https://cloudfunctions.googleapis.com/v1/projects/reddit-clone-7cc2f/locations/us-central1/functions:generateUploadUrl 200
[debug] [2023-02-10T23:28:50.534Z] <<< [apiv2][body] POST https://cloudfunctions.googleapis.com/v1/projects/reddit-clone-7cc2f/locations/us-central1/functions:generateUploadUrl {"uploadUrl":"https://storage.googleapis.com/uploads-434089803543.us-central1.cloudfunctions.appspot.com/e2fe4212-647d-48db-9b13-bdafecfbbf3c.zip?GoogleAccessId=service-175757989798@gcf-admin-robot.iam.gserviceaccount.com&Expires=1676073530&Signature=lDzkGRlSE0mmHjr9510i%2B3BAMn212IaG0wQWfRlCRhHLLfYdy5HWEAgXATNCr9uPt1xr87zs81v2Eg91vnDp1BK%2F37PxI%2FG4C2PfGJ8CIone6MFV8pgciGryS%2FaPW9Mf7ie0wyUzA%2F2a9H06PkYx34QgqZNPDnNJqNZAFv4sOuvkjBVeZuzwrKHLedLclnnge7aocdle6Jsakmx0nwgbMzxS6aPt0t654l7Sc%2BEFORxqydtIBatCHlDMJSG15Uy9yNi7CXxZLSgt8KycnmLzvKs6dty6YhC08GHH7eB3rq%2F0nkeNrZPeahizHfOw%2BqESegVqLKpEt9BizAO7AFvzcw%3D%3D"}
[debug] [2023-02-10T23:28:50.535Z] >>> [apiv2][query] PUT https://storage.googleapis.com/uploads-434089803543.us-central1.cloudfunctions.appspot.com/e2fe4212-647d-48db-9b13-bdafecfbbf3c.zip GoogleAccessId=service-175757989798%40gcf-admin-robot.iam.gserviceaccount.com&Expires=1676073530&Signature=lDzkGRlSE0mmHjr9510i%2B3BAMn212IaG0wQWfRlCRhHLLfYdy5HWEAgXATNCr9uPt1xr87zs81v2Eg91vnDp1BK%2F37PxI%2FG4C2PfGJ8CIone6MFV8pgciGryS%2FaPW9Mf7ie0wyUzA%2F2a9H06PkYx34QgqZNPDnNJqNZAFv4sOuvkjBVeZuzwrKHLedLclnnge7aocdle6Jsakmx0nwgbMzxS6aPt0t654l7Sc%2BEFORxqydtIBatCHlDMJSG15Uy9yNi7CXxZLSgt8KycnmLzvKs6dty6YhC08GHH7eB3rq%2F0nkeNrZPeahizHfOw%2BqESegVqLKpEt9BizAO7AFvzcw%3D%3D
[debug] [2023-02-10T23:28:50.535Z] >>> [apiv2][body] PUT https://storage.googleapis.com/uploads-434089803543.us-central1.cloudfunctions.appspot.com/e2fe4212-647d-48db-9b13-bdafecfbbf3c.zip [stream]
[debug] [2023-02-10T23:28:51.373Z] <<< [apiv2][status] PUT https://storage.googleapis.com/uploads-434089803543.us-central1.cloudfunctions.appspot.com/e2fe4212-647d-48db-9b13-bdafecfbbf3c.zip 200
[debug] [2023-02-10T23:28:51.373Z] <<< [apiv2][body] PUT https://storage.googleapis.com/uploads-434089803543.us-central1.cloudfunctions.appspot.com/e2fe4212-647d-48db-9b13-bdafecfbbf3c.zip [omitted]
[info] ✔  functions: functions folder uploaded successfully 
[info] i  functions: creating Node.js 16 function createUserDocument(us-central1)... 
[debug] [2023-02-10T23:28:51.377Z] >>> [apiv2][query] POST https://cloudfunctions.googleapis.com/v1/projects/reddit-clone-7cc2f/locations/us-central1/functions [none]
[debug] [2023-02-10T23:28:51.377Z] >>> [apiv2][body] POST https://cloudfunctions.googleapis.com/v1/projects/reddit-clone-7cc2f/locations/us-central1/functions {"name":"projects/reddit-clone-7cc2f/locations/us-central1/functions/createUserDocument","sourceUploadUrl":"https://storage.googleapis.com/uploads-434089803543.us-central1.cloudfunctions.appspot.com/e2fe4212-647d-48db-9b13-bdafecfbbf3c.zip?GoogleAccessId=service-175757989798@gcf-admin-robot.iam.gserviceaccount.com&Expires=1676073530&Signature=lDzkGRlSE0mmHjr9510i%2B3BAMn212IaG0wQWfRlCRhHLLfYdy5HWEAgXATNCr9uPt1xr87zs81v2Eg91vnDp1BK%2F37PxI%2FG4C2PfGJ8CIone6MFV8pgciGryS%2FaPW9Mf7ie0wyUzA%2F2a9H06PkYx34QgqZNPDnNJqNZAFv4sOuvkjBVeZuzwrKHLedLclnnge7aocdle6Jsakmx0nwgbMzxS6aPt0t654l7Sc%2BEFORxqydtIBatCHlDMJSG15Uy9yNi7CXxZLSgt8KycnmLzvKs6dty6YhC08GHH7eB3rq%2F0nkeNrZPeahizHfOw%2BqESegVqLKpEt9BizAO7AFvzcw%3D%3D","entryPoint":"createUserDocument","runtime":"nodejs16","dockerRegistry":"ARTIFACT_REGISTRY","labels":{"deployment-tool":"cli-firebase","firebase-functions-hash":"2671c96c0d604051baeff820697ed6f33d873d1a"},"eventTrigger":{"eventType":"providers/firebase.auth/eventTypes/user.create","resource":"projects/reddit-clone-7cc2f"},"environmentVariables":{"FIREBASE_CONFIG":"{\"projectId\":\"reddit-clone-7cc2f\",\"storageBucket\":\"reddit-clone-7cc2f.appspot.com\"}","GCLOUD_PROJECT":"reddit-clone-7cc2f","EVENTARC_CLOUD_EVENT_SOURCE":"projects/reddit-clone-7cc2f/locations/us-central1/functions/createUserDocument"}}
[debug] [2023-02-10T23:28:51.939Z] <<< [apiv2][status] POST https://cloudfunctions.googleapis.com/v1/projects/reddit-clone-7cc2f/locations/us-central1/functions 200
[debug] [2023-02-10T23:28:51.939Z] <<< [apiv2][body] POST https://cloudfunctions.googleapis.com/v1/projects/reddit-clone-7cc2f/locations/us-central1/functions {"name":"operations/cmVkZGl0LWNsb25lLTdjYzJmL3VzLWNlbnRyYWwxL2NyZWF0ZVVzZXJEb2N1bWVudC83c0VJanlrblp0OA","metadata":{"@type":"type.googleapis.com/google.cloud.functions.v1.OperationMetadataV1","target":"projects/reddit-clone-7cc2f/locations/us-central1/functions/createUserDocument","type":"CREATE_FUNCTION","request":{"@type":"type.googleapis.com/google.cloud.functions.v1.CloudFunction","name":"projects/reddit-clone-7cc2f/locations/us-central1/functions/createUserDocument","eventTrigger":{"eventType":"providers/firebase.auth/eventTypes/user.create","resource":"projects/reddit-clone-7cc2f"},"entryPoint":"createUserDocument","labels":{"deployment-tool":"cli-firebase","firebase-functions-hash":"2671c96c0d604051baeff820697ed6f33d873d1a"},"sourceUploadUrl":"https://storage.googleapis.com/uploads-434089803543.us-central1.cloudfunctions.appspot.com/e2fe4212-647d-48db-9b13-bdafecfbbf3c.zip?GoogleAccessId=service-175757989798@gcf-admin-robot.iam.gserviceaccount.com&Expires=1676073530&Signature=lDzkGRlSE0mmHjr9510i%2B3BAMn212IaG0wQWfRlCRhHLLfYdy5HWEAgXATNCr9uPt1xr87zs81v2Eg91vnDp1BK%2F37PxI%2FG4C2PfGJ8CIone6MFV8pgciGryS%2FaPW9Mf7ie0wyUzA%2F2a9H06PkYx34QgqZNPDnNJqNZAFv4sOuvkjBVeZuzwrKHLedLclnnge7aocdle6Jsakmx0nwgbMzxS6aPt0t654l7Sc%2BEFORxqydtIBatCHlDMJSG15Uy9yNi7CXxZLSgt8KycnmLzvKs6dty6YhC08GHH7eB3rq%2F0nkeNrZPeahizHfOw%2BqESegVqLKpEt9BizAO7AFvzcw%3D%3D","environmentVariables":{"FIREBASE_CONFIG":"{\"projectId\":\"reddit-clone-7cc2f\",\"storageBucket\":\"reddit-clone-7cc2f.appspot.com\"}","GCLOUD_PROJECT":"reddit-clone-7cc2f","EVENTARC_CLOUD_EVENT_SOURCE":"projects/reddit-clone-7cc2f/locations/us-central1/functions/createUserDocument"},"runtime":"nodejs16","dockerRegistry":"ARTIFACT_REGISTRY"},"versionId":"1","updateTime":"2023-02-10T23:28:51Z"}}
[debug] [2023-02-10T23:28:51.940Z] >>> [apiv2][query] GET https://cloudfunctions.googleapis.com/v1/operations/cmVkZGl0LWNsb25lLTdjYzJmL3VzLWNlbnRyYWwxL2NyZWF0ZVVzZXJEb2N1bWVudC83c0VJanlrblp0OA [none]
[debug] [2023-02-10T23:28:52.177Z] <<< [apiv2][status] GET https://cloudfunctions.googleapis.com/v1/operations/cmVkZGl0LWNsb25lLTdjYzJmL3VzLWNlbnRyYWwxL2NyZWF0ZVVzZXJEb2N1bWVudC83c0VJanlrblp0OA 200
[debug] [2023-02-10T23:28:52.178Z] <<< [apiv2][body] GET https://cloudfunctions.googleapis.com/v1/operations/cmVkZGl0LWNsb25lLTdjYzJmL3VzLWNlbnRyYWwxL2NyZWF0ZVVzZXJEb2N1bWVudC83c0VJanlrblp0OA {"name":"operations/cmVkZGl0LWNsb25lLTdjYzJmL3VzLWNlbnRyYWwxL2NyZWF0ZVVzZXJEb2N1bWVudC83c0VJanlrblp0OA","metadata":{"@type":"type.googleapis.com/google.cloud.functions.v1.OperationMetadataV1","target":"projects/reddit-clone-7cc2f/locations/us-central1/functions/createUserDocument","type":"CREATE_FUNCTION","request":{"@type":"type.googleapis.com/google.cloud.functions.v1.CloudFunction","name":"projects/reddit-clone-7cc2f/locations/us-central1/functions/createUserDocument","eventTrigger":{"eventType":"providers/firebase.auth/eventTypes/user.create","resource":"projects/reddit-clone-7cc2f"},"entryPoint":"createUserDocument","labels":{"deployment-tool":"cli-firebase","firebase-functions-hash":"2671c96c0d604051baeff820697ed6f33d873d1a"},"sourceUploadUrl":"https://storage.googleapis.com/uploads-434089803543.us-central1.cloudfunctions.appspot.com/e2fe4212-647d-48db-9b13-bdafecfbbf3c.zip?GoogleAccessId=service-175757989798@gcf-admin-robot.iam.gserviceaccount.com&Expires=1676073530&Signature=lDzkGRlSE0mmHjr9510i%2B3BAMn212IaG0wQWfRlCRhHLLfYdy5HWEAgXATNCr9uPt1xr87zs81v2Eg91vnDp1BK%2F37PxI%2FG4C2PfGJ8CIone6MFV8pgciGryS%2FaPW9Mf7ie0wyUzA%2F2a9H06PkYx34QgqZNPDnNJqNZAFv4sOuvkjBVeZuzwrKHLedLclnnge7aocdle6Jsakmx0nwgbMzxS6aPt0t654l7Sc%2BEFORxqydtIBatCHlDMJSG15Uy9yNi7CXxZLSgt8KycnmLzvKs6dty6YhC08GHH7eB3rq%2F0nkeNrZPeahizHfOw%2BqESegVqLKpEt9BizAO7AFvzcw%3D%3D","environmentVariables":{"FIREBASE_CONFIG":"{\"projectId\":\"reddit-clone-7cc2f\",\"storageBucket\":\"reddit-clone-7cc2f.appspot.com\"}","GCLOUD_PROJECT":"reddit-clone-7cc2f","EVENTARC_CLOUD_EVENT_SOURCE":"projects/reddit-clone-7cc2f/locations/us-central1/functions/createUserDocument"},"runtime":"nodejs16","dockerRegistry":"ARTIFACT_REGISTRY"},"versionId":"1","updateTime":"2023-02-10T23:28:52Z"}}
[debug] [2023-02-10T23:28:52.680Z] [create-default-us-central1-createUserDocument] Retrying task index 0
[debug] [2023-02-10T23:28:52.680Z] >>> [apiv2][query] GET https://cloudfunctions.googleapis.com/v1/operations/cmVkZGl0LWNsb25lLTdjYzJmL3VzLWNlbnRyYWwxL2NyZWF0ZVVzZXJEb2N1bWVudC83c0VJanlrblp0OA [none]
[debug] [2023-02-10T23:28:52.935Z] <<< [apiv2][status] GET https://cloudfunctions.googleapis.com/v1/operations/cmVkZGl0LWNsb25lLTdjYzJmL3VzLWNlbnRyYWwxL2NyZWF0ZVVzZXJEb2N1bWVudC83c0VJanlrblp0OA 200
[debug] [2023-02-10T23:28:52.935Z] <<< [apiv2][body] GET https://cloudfunctions.googleapis.com/v1/operations/cmVkZGl0LWNsb25lLTdjYzJmL3VzLWNlbnRyYWwxL2NyZWF0ZVVzZXJEb2N1bWVudC83c0VJanlrblp0OA {"name":"operations/cmVkZGl0LWNsb25lLTdjYzJmL3VzLWNlbnRyYWwxL2NyZWF0ZVVzZXJEb2N1bWVudC83c0VJanlrblp0OA","metadata":{"@type":"type.googleapis.com/google.cloud.functions.v1.OperationMetadataV1","target":"projects/reddit-clone-7cc2f/locations/us-central1/functions/createUserDocument","type":"CREATE_FUNCTION","request":{"@type":"type.googleapis.com/google.cloud.functions.v1.CloudFunction","name":"projects/reddit-clone-7cc2f/locations/us-central1/functions/createUserDocument","eventTrigger":{"eventType":"providers/firebase.auth/eventTypes/user.create","resource":"projects/reddit-clone-7cc2f"},"entryPoint":"createUserDocument","labels":{"deployment-tool":"cli-firebase","firebase-functions-hash":"2671c96c0d604051baeff820697ed6f33d873d1a"},"sourceUploadUrl":"https://storage.googleapis.com/uploads-434089803543.us-central1.cloudfunctions.appspot.com/e2fe4212-647d-48db-9b13-bdafecfbbf3c.zip?GoogleAccessId=service-175757989798@gcf-admin-robot.iam.gserviceaccount.com&Expires=1676073530&Signature=lDzkGRlSE0mmHjr9510i%2B3BAMn212IaG0wQWfRlCRhHLLfYdy5HWEAgXATNCr9uPt1xr87zs81v2Eg91vnDp1BK%2F37PxI%2FG4C2PfGJ8CIone6MFV8pgciGryS%2FaPW9Mf7ie0wyUzA%2F2a9H06PkYx34QgqZNPDnNJqNZAFv4sOuvkjBVeZuzwrKHLedLclnnge7aocdle6Jsakmx0nwgbMzxS6aPt0t654l7Sc%2BEFORxqydtIBatCHlDMJSG15Uy9yNi7CXxZLSgt8KycnmLzvKs6dty6YhC08GHH7eB3rq%2F0nkeNrZPeahizHfOw%2BqESegVqLKpEt9BizAO7AFvzcw%3D%3D","environmentVariables":{"FIREBASE_CONFIG":"{\"projectId\":\"reddit-clone-7cc2f\",\"storageBucket\":\"reddit-clone-7cc2f.appspot.com\"}","GCLOUD_PROJECT":"reddit-clone-7cc2f","EVENTARC_CLOUD_EVENT_SOURCE":"projects/reddit-clone-7cc2f/locations/us-central1/functions/createUserDocument"},"runtime":"nodejs16","dockerRegistry":"ARTIFACT_REGISTRY"},"versionId":"1","updateTime":"2023-02-10T23:28:52Z"}}
[debug] [2023-02-10T23:28:53.936Z] [create-default-us-central1-createUserDocument] Retrying task index 0
[debug] [2023-02-10T23:28:53.936Z] >>> [apiv2][query] GET https://cloudfunctions.googleapis.com/v1/operations/cmVkZGl0LWNsb25lLTdjYzJmL3VzLWNlbnRyYWwxL2NyZWF0ZVVzZXJEb2N1bWVudC83c0VJanlrblp0OA [none]
[debug] [2023-02-10T23:28:54.097Z] <<< [apiv2][status] GET https://cloudfunctions.googleapis.com/v1/operations/cmVkZGl0LWNsb25lLTdjYzJmL3VzLWNlbnRyYWwxL2NyZWF0ZVVzZXJEb2N1bWVudC83c0VJanlrblp0OA 200
[debug] [2023-02-10T23:28:54.097Z] <<< [apiv2][body] GET https://cloudfunctions.googleapis.com/v1/operations/cmVkZGl0LWNsb25lLTdjYzJmL3VzLWNlbnRyYWwxL2NyZWF0ZVVzZXJEb2N1bWVudC83c0VJanlrblp0OA {"name":"operations/cmVkZGl0LWNsb25lLTdjYzJmL3VzLWNlbnRyYWwxL2NyZWF0ZVVzZXJEb2N1bWVudC83c0VJanlrblp0OA","metadata":{"@type":"type.googleapis.com/google.cloud.functions.v1.OperationMetadataV1","target":"projects/reddit-clone-7cc2f/locations/us-central1/functions/createUserDocument","type":"CREATE_FUNCTION","request":{"@type":"type.googleapis.com/google.cloud.functions.v1.CloudFunction","name":"projects/reddit-clone-7cc2f/locations/us-central1/functions/createUserDocument","eventTrigger":{"eventType":"providers/firebase.auth/eventTypes/user.create","resource":"projects/reddit-clone-7cc2f"},"entryPoint":"createUserDocument","labels":{"deployment-tool":"cli-firebase","firebase-functions-hash":"2671c96c0d604051baeff820697ed6f33d873d1a"},"sourceUploadUrl":"https://storage.googleapis.com/uploads-434089803543.us-central1.cloudfunctions.appspot.com/e2fe4212-647d-48db-9b13-bdafecfbbf3c.zip?GoogleAccessId=service-175757989798@gcf-admin-robot.iam.gserviceaccount.com&Expires=1676073530&Signature=lDzkGRlSE0mmHjr9510i%2B3BAMn212IaG0wQWfRlCRhHLLfYdy5HWEAgXATNCr9uPt1xr87zs81v2Eg91vnDp1BK%2F37PxI%2FG4C2PfGJ8CIone6MFV8pgciGryS%2FaPW9Mf7ie0wyUzA%2F2a9H06PkYx34QgqZNPDnNJqNZAFv4sOuvkjBVeZuzwrKHLedLclnnge7aocdle6Jsakmx0nwgbMzxS6aPt0t654l7Sc%2BEFORxqydtIBatCHlDMJSG15Uy9yNi7CXxZLSgt8KycnmLzvKs6dty6YhC08GHH7eB3rq%2F0nkeNrZPeahizHfOw%2BqESegVqLKpEt9BizAO7AFvzcw%3D%3D","environmentVariables":{"FIREBASE_CONFIG":"{\"projectId\":\"reddit-clone-7cc2f\",\"storageBucket\":\"reddit-clone-7cc2f.appspot.com\"}","GCLOUD_PROJECT":"reddit-clone-7cc2f","EVENTARC_CLOUD_EVENT_SOURCE":"projects/reddit-clone-7cc2f/locations/us-central1/functions/createUserDocument"},"runtime":"nodejs16","dockerRegistry":"ARTIFACT_REGISTRY"},"versionId":"1","updateTime":"2023-02-10T23:28:52Z"}}
[debug] [2023-02-10T23:28:56.098Z] [create-default-us-central1-createUserDocument] Retrying task index 0
[debug] [2023-02-10T23:28:56.098Z] >>> [apiv2][query] GET https://cloudfunctions.googleapis.com/v1/operations/cmVkZGl0LWNsb25lLTdjYzJmL3VzLWNlbnRyYWwxL2NyZWF0ZVVzZXJEb2N1bWVudC83c0VJanlrblp0OA [none]
[debug] [2023-02-10T23:28:56.328Z] <<< [apiv2][status] GET https://cloudfunctions.googleapis.com/v1/operations/cmVkZGl0LWNsb25lLTdjYzJmL3VzLWNlbnRyYWwxL2NyZWF0ZVVzZXJEb2N1bWVudC83c0VJanlrblp0OA 200
[debug] [2023-02-10T23:28:56.328Z] <<< [apiv2][body] GET https://cloudfunctions.googleapis.com/v1/operations/cmVkZGl0LWNsb25lLTdjYzJmL3VzLWNlbnRyYWwxL2NyZWF0ZVVzZXJEb2N1bWVudC83c0VJanlrblp0OA {"name":"operations/cmVkZGl0LWNsb25lLTdjYzJmL3VzLWNlbnRyYWwxL2NyZWF0ZVVzZXJEb2N1bWVudC83c0VJanlrblp0OA","metadata":{"@type":"type.googleapis.com/google.cloud.functions.v1.OperationMetadataV1","target":"projects/reddit-clone-7cc2f/locations/us-central1/functions/createUserDocument","type":"CREATE_FUNCTION","request":{"@type":"type.googleapis.com/google.cloud.functions.v1.CloudFunction","name":"projects/reddit-clone-7cc2f/locations/us-central1/functions/createUserDocument","eventTrigger":{"eventType":"providers/firebase.auth/eventTypes/user.create","resource":"projects/reddit-clone-7cc2f"},"entryPoint":"createUserDocument","labels":{"deployment-tool":"cli-firebase","firebase-functions-hash":"2671c96c0d604051baeff820697ed6f33d873d1a"},"sourceUploadUrl":"https://storage.googleapis.com/uploads-434089803543.us-central1.cloudfunctions.appspot.com/e2fe4212-647d-48db-9b13-bdafecfbbf3c.zip?GoogleAccessId=service-175757989798@gcf-admin-robot.iam.gserviceaccount.com&Expires=1676073530&Signature=lDzkGRlSE0mmHjr9510i%2B3BAMn212IaG0wQWfRlCRhHLLfYdy5HWEAgXATNCr9uPt1xr87zs81v2Eg91vnDp1BK%2F37PxI%2FG4C2PfGJ8CIone6MFV8pgciGryS%2FaPW9Mf7ie0wyUzA%2F2a9H06PkYx34QgqZNPDnNJqNZAFv4sOuvkjBVeZuzwrKHLedLclnnge7aocdle6Jsakmx0nwgbMzxS6aPt0t654l7Sc%2BEFORxqydtIBatCHlDMJSG15Uy9yNi7CXxZLSgt8KycnmLzvKs6dty6YhC08GHH7eB3rq%2F0nkeNrZPeahizHfOw%2BqESegVqLKpEt9BizAO7AFvzcw%3D%3D","environmentVariables":{"FIREBASE_CONFIG":"{\"projectId\":\"reddit-clone-7cc2f\",\"storageBucket\":\"reddit-clone-7cc2f.appspot.com\"}","GCLOUD_PROJECT":"reddit-clone-7cc2f","EVENTARC_CLOUD_EVENT_SOURCE":"projects/reddit-clone-7cc2f/locations/us-central1/functions/createUserDocument"},"runtime":"nodejs16","dockerRegistry":"ARTIFACT_REGISTRY"},"versionId":"1","updateTime":"2023-02-10T23:28:52Z"}}
[debug] [2023-02-10T23:29:00.329Z] [create-default-us-central1-createUserDocument] Retrying task index 0
[debug] [2023-02-10T23:29:00.329Z] >>> [apiv2][query] GET https://cloudfunctions.googleapis.com/v1/operations/cmVkZGl0LWNsb25lLTdjYzJmL3VzLWNlbnRyYWwxL2NyZWF0ZVVzZXJEb2N1bWVudC83c0VJanlrblp0OA [none]
[debug] [2023-02-10T23:29:00.496Z] <<< [apiv2][status] GET https://cloudfunctions.googleapis.com/v1/operations/cmVkZGl0LWNsb25lLTdjYzJmL3VzLWNlbnRyYWwxL2NyZWF0ZVVzZXJEb2N1bWVudC83c0VJanlrblp0OA 200
[debug] [2023-02-10T23:29:00.496Z] <<< [apiv2][body] GET https://cloudfunctions.googleapis.com/v1/operations/cmVkZGl0LWNsb25lLTdjYzJmL3VzLWNlbnRyYWwxL2NyZWF0ZVVzZXJEb2N1bWVudC83c0VJanlrblp0OA {"name":"operations/cmVkZGl0LWNsb25lLTdjYzJmL3VzLWNlbnRyYWwxL2NyZWF0ZVVzZXJEb2N1bWVudC83c0VJanlrblp0OA","metadata":{"@type":"type.googleapis.com/google.cloud.functions.v1.OperationMetadataV1","target":"projects/reddit-clone-7cc2f/locations/us-central1/functions/createUserDocument","type":"CREATE_FUNCTION","request":{"@type":"type.googleapis.com/google.cloud.functions.v1.CloudFunction","name":"projects/reddit-clone-7cc2f/locations/us-central1/functions/createUserDocument","eventTrigger":{"eventType":"providers/firebase.auth/eventTypes/user.create","resource":"projects/reddit-clone-7cc2f"},"entryPoint":"createUserDocument","labels":{"deployment-tool":"cli-firebase","firebase-functions-hash":"2671c96c0d604051baeff820697ed6f33d873d1a"},"sourceUploadUrl":"https://storage.googleapis.com/uploads-434089803543.us-central1.cloudfunctions.appspot.com/e2fe4212-647d-48db-9b13-bdafecfbbf3c.zip?GoogleAccessId=service-175757989798@gcf-admin-robot.iam.gserviceaccount.com&Expires=1676073530&Signature=lDzkGRlSE0mmHjr9510i%2B3BAMn212IaG0wQWfRlCRhHLLfYdy5HWEAgXATNCr9uPt1xr87zs81v2Eg91vnDp1BK%2F37PxI%2FG4C2PfGJ8CIone6MFV8pgciGryS%2FaPW9Mf7ie0wyUzA%2F2a9H06PkYx34QgqZNPDnNJqNZAFv4sOuvkjBVeZuzwrKHLedLclnnge7aocdle6Jsakmx0nwgbMzxS6aPt0t654l7Sc%2BEFORxqydtIBatCHlDMJSG15Uy9yNi7CXxZLSgt8KycnmLzvKs6dty6YhC08GHH7eB3rq%2F0nkeNrZPeahizHfOw%2BqESegVqLKpEt9BizAO7AFvzcw%3D%3D","environmentVariables":{"FIREBASE_CONFIG":"{\"projectId\":\"reddit-clone-7cc2f\",\"storageBucket\":\"reddit-clone-7cc2f.appspot.com\"}","GCLOUD_PROJECT":"reddit-clone-7cc2f","EVENTARC_CLOUD_EVENT_SOURCE":"projects/reddit-clone-7cc2f/locations/us-central1/functions/createUserDocument"},"runtime":"nodejs16","dockerRegistry":"ARTIFACT_REGISTRY"},"versionId":"1","updateTime":"2023-02-10T23:28:52Z"}}
[debug] [2023-02-10T23:29:08.497Z] [create-default-us-central1-createUserDocument] Retrying task index 0
[debug] [2023-02-10T23:29:08.497Z] >>> [apiv2][query] GET https://cloudfunctions.googleapis.com/v1/operations/cmVkZGl0LWNsb25lLTdjYzJmL3VzLWNlbnRyYWwxL2NyZWF0ZVVzZXJEb2N1bWVudC83c0VJanlrblp0OA [none]
[debug] [2023-02-10T23:29:08.684Z] <<< [apiv2][status] GET https://cloudfunctions.googleapis.com/v1/operations/cmVkZGl0LWNsb25lLTdjYzJmL3VzLWNlbnRyYWwxL2NyZWF0ZVVzZXJEb2N1bWVudC83c0VJanlrblp0OA 200
[debug] [2023-02-10T23:29:08.685Z] <<< [apiv2][body] GET https://cloudfunctions.googleapis.com/v1/operations/cmVkZGl0LWNsb25lLTdjYzJmL3VzLWNlbnRyYWwxL2NyZWF0ZVVzZXJEb2N1bWVudC83c0VJanlrblp0OA {"name":"operations/cmVkZGl0LWNsb25lLTdjYzJmL3VzLWNlbnRyYWwxL2NyZWF0ZVVzZXJEb2N1bWVudC83c0VJanlrblp0OA","metadata":{"@type":"type.googleapis.com/google.cloud.functions.v1.OperationMetadataV1","target":"projects/reddit-clone-7cc2f/locations/us-central1/functions/createUserDocument","type":"CREATE_FUNCTION","request":{"@type":"type.googleapis.com/google.cloud.functions.v1.CloudFunction","name":"projects/reddit-clone-7cc2f/locations/us-central1/functions/createUserDocument","eventTrigger":{"eventType":"providers/firebase.auth/eventTypes/user.create","resource":"projects/reddit-clone-7cc2f"},"entryPoint":"createUserDocument","labels":{"deployment-tool":"cli-firebase","firebase-functions-hash":"2671c96c0d604051baeff820697ed6f33d873d1a"},"sourceUploadUrl":"https://storage.googleapis.com/uploads-434089803543.us-central1.cloudfunctions.appspot.com/e2fe4212-647d-48db-9b13-bdafecfbbf3c.zip?GoogleAccessId=service-175757989798@gcf-admin-robot.iam.gserviceaccount.com&Expires=1676073530&Signature=lDzkGRlSE0mmHjr9510i%2B3BAMn212IaG0wQWfRlCRhHLLfYdy5HWEAgXATNCr9uPt1xr87zs81v2Eg91vnDp1BK%2F37PxI%2FG4C2PfGJ8CIone6MFV8pgciGryS%2FaPW9Mf7ie0wyUzA%2F2a9H06PkYx34QgqZNPDnNJqNZAFv4sOuvkjBVeZuzwrKHLedLclnnge7aocdle6Jsakmx0nwgbMzxS6aPt0t654l7Sc%2BEFORxqydtIBatCHlDMJSG15Uy9yNi7CXxZLSgt8KycnmLzvKs6dty6YhC08GHH7eB3rq%2F0nkeNrZPeahizHfOw%2BqESegVqLKpEt9BizAO7AFvzcw%3D%3D","environmentVariables":{"FIREBASE_CONFIG":"{\"projectId\":\"reddit-clone-7cc2f\",\"storageBucket\":\"reddit-clone-7cc2f.appspot.com\"}","GCLOUD_PROJECT":"reddit-clone-7cc2f","EVENTARC_CLOUD_EVENT_SOURCE":"projects/reddit-clone-7cc2f/locations/us-central1/functions/createUserDocument"},"runtime":"nodejs16","dockerRegistry":"ARTIFACT_REGISTRY"},"versionId":"1","updateTime":"2023-02-10T23:28:52Z","buildId":"b57bc17f-a390-4ce5-8e28-227c570bd8aa","buildName":"projects/175757989798/locations/us-central1/builds/b57bc17f-a390-4ce5-8e28-227c570bd8aa"}}
[debug] [2023-02-10T23:29:18.684Z] [create-default-us-central1-createUserDocument] Retrying task index 0
[debug] [2023-02-10T23:29:18.684Z] >>> [apiv2][query] GET https://cloudfunctions.googleapis.com/v1/operations/cmVkZGl0LWNsb25lLTdjYzJmL3VzLWNlbnRyYWwxL2NyZWF0ZVVzZXJEb2N1bWVudC83c0VJanlrblp0OA [none]
[debug] [2023-02-10T23:29:18.846Z] <<< [apiv2][status] GET https://cloudfunctions.googleapis.com/v1/operations/cmVkZGl0LWNsb25lLTdjYzJmL3VzLWNlbnRyYWwxL2NyZWF0ZVVzZXJEb2N1bWVudC83c0VJanlrblp0OA 200
[debug] [2023-02-10T23:29:18.846Z] <<< [apiv2][body] GET https://cloudfunctions.googleapis.com/v1/operations/cmVkZGl0LWNsb25lLTdjYzJmL3VzLWNlbnRyYWwxL2NyZWF0ZVVzZXJEb2N1bWVudC83c0VJanlrblp0OA {"name":"operations/cmVkZGl0LWNsb25lLTdjYzJmL3VzLWNlbnRyYWwxL2NyZWF0ZVVzZXJEb2N1bWVudC83c0VJanlrblp0OA","metadata":{"@type":"type.googleapis.com/google.cloud.functions.v1.OperationMetadataV1","target":"projects/reddit-clone-7cc2f/locations/us-central1/functions/createUserDocument","type":"CREATE_FUNCTION","request":{"@type":"type.googleapis.com/google.cloud.functions.v1.CloudFunction","name":"projects/reddit-clone-7cc2f/locations/us-central1/functions/createUserDocument","eventTrigger":{"eventType":"providers/firebase.auth/eventTypes/user.create","resource":"projects/reddit-clone-7cc2f"},"entryPoint":"createUserDocument","labels":{"deployment-tool":"cli-firebase","firebase-functions-hash":"2671c96c0d604051baeff820697ed6f33d873d1a"},"sourceUploadUrl":"https://storage.googleapis.com/uploads-434089803543.us-central1.cloudfunctions.appspot.com/e2fe4212-647d-48db-9b13-bdafecfbbf3c.zip?GoogleAccessId=service-175757989798@gcf-admin-robot.iam.gserviceaccount.com&Expires=1676073530&Signature=lDzkGRlSE0mmHjr9510i%2B3BAMn212IaG0wQWfRlCRhHLLfYdy5HWEAgXATNCr9uPt1xr87zs81v2Eg91vnDp1BK%2F37PxI%2FG4C2PfGJ8CIone6MFV8pgciGryS%2FaPW9Mf7ie0wyUzA%2F2a9H06PkYx34QgqZNPDnNJqNZAFv4sOuvkjBVeZuzwrKHLedLclnnge7aocdle6Jsakmx0nwgbMzxS6aPt0t654l7Sc%2BEFORxqydtIBatCHlDMJSG15Uy9yNi7CXxZLSgt8KycnmLzvKs6dty6YhC08GHH7eB3rq%2F0nkeNrZPeahizHfOw%2BqESegVqLKpEt9BizAO7AFvzcw%3D%3D","environmentVariables":{"FIREBASE_CONFIG":"{\"projectId\":\"reddit-clone-7cc2f\",\"storageBucket\":\"reddit-clone-7cc2f.appspot.com\"}","GCLOUD_PROJECT":"reddit-clone-7cc2f","EVENTARC_CLOUD_EVENT_SOURCE":"projects/reddit-clone-7cc2f/locations/us-central1/functions/createUserDocument"},"runtime":"nodejs16","dockerRegistry":"ARTIFACT_REGISTRY"},"versionId":"1","updateTime":"2023-02-10T23:28:52Z","buildId":"b57bc17f-a390-4ce5-8e28-227c570bd8aa","buildName":"projects/175757989798/locations/us-central1/builds/b57bc17f-a390-4ce5-8e28-227c570bd8aa"}}
[debug] [2023-02-10T23:29:28.848Z] [create-default-us-central1-createUserDocument] Retrying task index 0
[debug] [2023-02-10T23:29:28.848Z] >>> [apiv2][query] GET https://cloudfunctions.googleapis.com/v1/operations/cmVkZGl0LWNsb25lLTdjYzJmL3VzLWNlbnRyYWwxL2NyZWF0ZVVzZXJEb2N1bWVudC83c0VJanlrblp0OA [none]
[debug] [2023-02-10T23:29:29.002Z] <<< [apiv2][status] GET https://cloudfunctions.googleapis.com/v1/operations/cmVkZGl0LWNsb25lLTdjYzJmL3VzLWNlbnRyYWwxL2NyZWF0ZVVzZXJEb2N1bWVudC83c0VJanlrblp0OA 200
[debug] [2023-02-10T23:29:29.002Z] <<< [apiv2][body] GET https://cloudfunctions.googleapis.com/v1/operations/cmVkZGl0LWNsb25lLTdjYzJmL3VzLWNlbnRyYWwxL2NyZWF0ZVVzZXJEb2N1bWVudC83c0VJanlrblp0OA {"name":"operations/cmVkZGl0LWNsb25lLTdjYzJmL3VzLWNlbnRyYWwxL2NyZWF0ZVVzZXJEb2N1bWVudC83c0VJanlrblp0OA","metadata":{"@type":"type.googleapis.com/google.cloud.functions.v1.OperationMetadataV1","target":"projects/reddit-clone-7cc2f/locations/us-central1/functions/createUserDocument","type":"CREATE_FUNCTION","request":{"@type":"type.googleapis.com/google.cloud.functions.v1.CloudFunction","name":"projects/reddit-clone-7cc2f/locations/us-central1/functions/createUserDocument","eventTrigger":{"eventType":"providers/firebase.auth/eventTypes/user.create","resource":"projects/reddit-clone-7cc2f"},"entryPoint":"createUserDocument","labels":{"deployment-tool":"cli-firebase","firebase-functions-hash":"2671c96c0d604051baeff820697ed6f33d873d1a"},"sourceUploadUrl":"https://storage.googleapis.com/uploads-434089803543.us-central1.cloudfunctions.appspot.com/e2fe4212-647d-48db-9b13-bdafecfbbf3c.zip?GoogleAccessId=service-175757989798@gcf-admin-robot.iam.gserviceaccount.com&Expires=1676073530&Signature=lDzkGRlSE0mmHjr9510i%2B3BAMn212IaG0wQWfRlCRhHLLfYdy5HWEAgXATNCr9uPt1xr87zs81v2Eg91vnDp1BK%2F37PxI%2FG4C2PfGJ8CIone6MFV8pgciGryS%2FaPW9Mf7ie0wyUzA%2F2a9H06PkYx34QgqZNPDnNJqNZAFv4sOuvkjBVeZuzwrKHLedLclnnge7aocdle6Jsakmx0nwgbMzxS6aPt0t654l7Sc%2BEFORxqydtIBatCHlDMJSG15Uy9yNi7CXxZLSgt8KycnmLzvKs6dty6YhC08GHH7eB3rq%2F0nkeNrZPeahizHfOw%2BqESegVqLKpEt9BizAO7AFvzcw%3D%3D","environmentVariables":{"FIREBASE_CONFIG":"{\"projectId\":\"reddit-clone-7cc2f\",\"storageBucket\":\"reddit-clone-7cc2f.appspot.com\"}","GCLOUD_PROJECT":"reddit-clone-7cc2f","EVENTARC_CLOUD_EVENT_SOURCE":"projects/reddit-clone-7cc2f/locations/us-central1/functions/createUserDocument"},"runtime":"nodejs16","dockerRegistry":"ARTIFACT_REGISTRY"},"versionId":"1","updateTime":"2023-02-10T23:28:52Z","buildId":"b57bc17f-a390-4ce5-8e28-227c570bd8aa","buildName":"projects/175757989798/locations/us-central1/builds/b57bc17f-a390-4ce5-8e28-227c570bd8aa"}}
[debug] [2023-02-10T23:29:39.002Z] [create-default-us-central1-createUserDocument] Retrying task index 0
[debug] [2023-02-10T23:29:39.003Z] >>> [apiv2][query] GET https://cloudfunctions.googleapis.com/v1/operations/cmVkZGl0LWNsb25lLTdjYzJmL3VzLWNlbnRyYWwxL2NyZWF0ZVVzZXJEb2N1bWVudC83c0VJanlrblp0OA [none]
[debug] [2023-02-10T23:29:39.159Z] <<< [apiv2][status] GET https://cloudfunctions.googleapis.com/v1/operations/cmVkZGl0LWNsb25lLTdjYzJmL3VzLWNlbnRyYWwxL2NyZWF0ZVVzZXJEb2N1bWVudC83c0VJanlrblp0OA 200
[debug] [2023-02-10T23:29:39.159Z] <<< [apiv2][body] GET https://cloudfunctions.googleapis.com/v1/operations/cmVkZGl0LWNsb25lLTdjYzJmL3VzLWNlbnRyYWwxL2NyZWF0ZVVzZXJEb2N1bWVudC83c0VJanlrblp0OA {"name":"operations/cmVkZGl0LWNsb25lLTdjYzJmL3VzLWNlbnRyYWwxL2NyZWF0ZVVzZXJEb2N1bWVudC83c0VJanlrblp0OA","metadata":{"@type":"type.googleapis.com/google.cloud.functions.v1.OperationMetadataV1","target":"projects/reddit-clone-7cc2f/locations/us-central1/functions/createUserDocument","type":"CREATE_FUNCTION","request":{"@type":"type.googleapis.com/google.cloud.functions.v1.CloudFunction","name":"projects/reddit-clone-7cc2f/locations/us-central1/functions/createUserDocument","eventTrigger":{"eventType":"providers/firebase.auth/eventTypes/user.create","resource":"projects/reddit-clone-7cc2f"},"entryPoint":"createUserDocument","labels":{"deployment-tool":"cli-firebase","firebase-functions-hash":"2671c96c0d604051baeff820697ed6f33d873d1a"},"sourceUploadUrl":"https://storage.googleapis.com/uploads-434089803543.us-central1.cloudfunctions.appspot.com/e2fe4212-647d-48db-9b13-bdafecfbbf3c.zip?GoogleAccessId=service-175757989798@gcf-admin-robot.iam.gserviceaccount.com&Expires=1676073530&Signature=lDzkGRlSE0mmHjr9510i%2B3BAMn212IaG0wQWfRlCRhHLLfYdy5HWEAgXATNCr9uPt1xr87zs81v2Eg91vnDp1BK%2F37PxI%2FG4C2PfGJ8CIone6MFV8pgciGryS%2FaPW9Mf7ie0wyUzA%2F2a9H06PkYx34QgqZNPDnNJqNZAFv4sOuvkjBVeZuzwrKHLedLclnnge7aocdle6Jsakmx0nwgbMzxS6aPt0t654l7Sc%2BEFORxqydtIBatCHlDMJSG15Uy9yNi7CXxZLSgt8KycnmLzvKs6dty6YhC08GHH7eB3rq%2F0nkeNrZPeahizHfOw%2BqESegVqLKpEt9BizAO7AFvzcw%3D%3D","environmentVariables":{"FIREBASE_CONFIG":"{\"projectId\":\"reddit-clone-7cc2f\",\"storageBucket\":\"reddit-clone-7cc2f.appspot.com\"}","GCLOUD_PROJECT":"reddit-clone-7cc2f","EVENTARC_CLOUD_EVENT_SOURCE":"projects/reddit-clone-7cc2f/locations/us-central1/functions/createUserDocument"},"runtime":"nodejs16","dockerRegistry":"ARTIFACT_REGISTRY"},"versionId":"1","updateTime":"2023-02-10T23:28:52Z","buildId":"b57bc17f-a390-4ce5-8e28-227c570bd8aa","buildName":"projects/175757989798/locations/us-central1/builds/b57bc17f-a390-4ce5-8e28-227c570bd8aa"}}
[debug] [2023-02-10T23:29:49.182Z] [create-default-us-central1-createUserDocument] Retrying task index 0
[debug] [2023-02-10T23:29:49.182Z] >>> [apiv2][query] GET https://cloudfunctions.googleapis.com/v1/operations/cmVkZGl0LWNsb25lLTdjYzJmL3VzLWNlbnRyYWwxL2NyZWF0ZVVzZXJEb2N1bWVudC83c0VJanlrblp0OA [none]
[debug] [2023-02-10T23:29:49.436Z] <<< [apiv2][status] GET https://cloudfunctions.googleapis.com/v1/operations/cmVkZGl0LWNsb25lLTdjYzJmL3VzLWNlbnRyYWwxL2NyZWF0ZVVzZXJEb2N1bWVudC83c0VJanlrblp0OA 200
[debug] [2023-02-10T23:29:49.436Z] <<< [apiv2][body] GET https://cloudfunctions.googleapis.com/v1/operations/cmVkZGl0LWNsb25lLTdjYzJmL3VzLWNlbnRyYWwxL2NyZWF0ZVVzZXJEb2N1bWVudC83c0VJanlrblp0OA {"name":"operations/cmVkZGl0LWNsb25lLTdjYzJmL3VzLWNlbnRyYWwxL2NyZWF0ZVVzZXJEb2N1bWVudC83c0VJanlrblp0OA","metadata":{"@type":"type.googleapis.com/google.cloud.functions.v1.OperationMetadataV1","target":"projects/reddit-clone-7cc2f/locations/us-central1/functions/createUserDocument","type":"CREATE_FUNCTION","request":{"@type":"type.googleapis.com/google.cloud.functions.v1.CloudFunction","name":"projects/reddit-clone-7cc2f/locations/us-central1/functions/createUserDocument","eventTrigger":{"eventType":"providers/firebase.auth/eventTypes/user.create","resource":"projects/reddit-clone-7cc2f"},"entryPoint":"createUserDocument","labels":{"deployment-tool":"cli-firebase","firebase-functions-hash":"2671c96c0d604051baeff820697ed6f33d873d1a"},"sourceUploadUrl":"https://storage.googleapis.com/uploads-434089803543.us-central1.cloudfunctions.appspot.com/e2fe4212-647d-48db-9b13-bdafecfbbf3c.zip?GoogleAccessId=service-175757989798@gcf-admin-robot.iam.gserviceaccount.com&Expires=1676073530&Signature=lDzkGRlSE0mmHjr9510i%2B3BAMn212IaG0wQWfRlCRhHLLfYdy5HWEAgXATNCr9uPt1xr87zs81v2Eg91vnDp1BK%2F37PxI%2FG4C2PfGJ8CIone6MFV8pgciGryS%2FaPW9Mf7ie0wyUzA%2F2a9H06PkYx34QgqZNPDnNJqNZAFv4sOuvkjBVeZuzwrKHLedLclnnge7aocdle6Jsakmx0nwgbMzxS6aPt0t654l7Sc%2BEFORxqydtIBatCHlDMJSG15Uy9yNi7CXxZLSgt8KycnmLzvKs6dty6YhC08GHH7eB3rq%2F0nkeNrZPeahizHfOw%2BqESegVqLKpEt9BizAO7AFvzcw%3D%3D","environmentVariables":{"FIREBASE_CONFIG":"{\"projectId\":\"reddit-clone-7cc2f\",\"storageBucket\":\"reddit-clone-7cc2f.appspot.com\"}","GCLOUD_PROJECT":"reddit-clone-7cc2f","EVENTARC_CLOUD_EVENT_SOURCE":"projects/reddit-clone-7cc2f/locations/us-central1/functions/createUserDocument"},"runtime":"nodejs16","dockerRegistry":"ARTIFACT_REGISTRY"},"versionId":"1","updateTime":"2023-02-10T23:28:52Z","buildId":"b57bc17f-a390-4ce5-8e28-227c570bd8aa","buildName":"projects/175757989798/locations/us-central1/builds/b57bc17f-a390-4ce5-8e28-227c570bd8aa"}}
[debug] [2023-02-10T23:29:59.437Z] [create-default-us-central1-createUserDocument] Retrying task index 0
[debug] [2023-02-10T23:29:59.438Z] >>> [apiv2][query] GET https://cloudfunctions.googleapis.com/v1/operations/cmVkZGl0LWNsb25lLTdjYzJmL3VzLWNlbnRyYWwxL2NyZWF0ZVVzZXJEb2N1bWVudC83c0VJanlrblp0OA [none]
[debug] [2023-02-10T23:29:59.606Z] <<< [apiv2][status] GET https://cloudfunctions.googleapis.com/v1/operations/cmVkZGl0LWNsb25lLTdjYzJmL3VzLWNlbnRyYWwxL2NyZWF0ZVVzZXJEb2N1bWVudC83c0VJanlrblp0OA 200
[debug] [2023-02-10T23:29:59.606Z] <<< [apiv2][body] GET https://cloudfunctions.googleapis.com/v1/operations/cmVkZGl0LWNsb25lLTdjYzJmL3VzLWNlbnRyYWwxL2NyZWF0ZVVzZXJEb2N1bWVudC83c0VJanlrblp0OA {"name":"operations/cmVkZGl0LWNsb25lLTdjYzJmL3VzLWNlbnRyYWwxL2NyZWF0ZVVzZXJEb2N1bWVudC83c0VJanlrblp0OA","metadata":{"@type":"type.googleapis.com/google.cloud.functions.v1.OperationMetadataV1","target":"projects/reddit-clone-7cc2f/locations/us-central1/functions/createUserDocument","type":"CREATE_FUNCTION","request":{"@type":"type.googleapis.com/google.cloud.functions.v1.CloudFunction","name":"projects/reddit-clone-7cc2f/locations/us-central1/functions/createUserDocument","eventTrigger":{"eventType":"providers/firebase.auth/eventTypes/user.create","resource":"projects/reddit-clone-7cc2f"},"entryPoint":"createUserDocument","labels":{"deployment-tool":"cli-firebase","firebase-functions-hash":"2671c96c0d604051baeff820697ed6f33d873d1a"},"sourceUploadUrl":"https://storage.googleapis.com/uploads-434089803543.us-central1.cloudfunctions.appspot.com/e2fe4212-647d-48db-9b13-bdafecfbbf3c.zip?GoogleAccessId=service-175757989798@gcf-admin-robot.iam.gserviceaccount.com&Expires=1676073530&Signature=lDzkGRlSE0mmHjr9510i%2B3BAMn212IaG0wQWfRlCRhHLLfYdy5HWEAgXATNCr9uPt1xr87zs81v2Eg91vnDp1BK%2F37PxI%2FG4C2PfGJ8CIone6MFV8pgciGryS%2FaPW9Mf7ie0wyUzA%2F2a9H06PkYx34QgqZNPDnNJqNZAFv4sOuvkjBVeZuzwrKHLedLclnnge7aocdle6Jsakmx0nwgbMzxS6aPt0t654l7Sc%2BEFORxqydtIBatCHlDMJSG15Uy9yNi7CXxZLSgt8KycnmLzvKs6dty6YhC08GHH7eB3rq%2F0nkeNrZPeahizHfOw%2BqESegVqLKpEt9BizAO7AFvzcw%3D%3D","environmentVariables":{"FIREBASE_CONFIG":"{\"projectId\":\"reddit-clone-7cc2f\",\"storageBucket\":\"reddit-clone-7cc2f.appspot.com\"}","GCLOUD_PROJECT":"reddit-clone-7cc2f","EVENTARC_CLOUD_EVENT_SOURCE":"projects/reddit-clone-7cc2f/locations/us-central1/functions/createUserDocument"},"runtime":"nodejs16","dockerRegistry":"ARTIFACT_REGISTRY"},"versionId":"1","updateTime":"2023-02-10T23:28:52Z","buildId":"b57bc17f-a390-4ce5-8e28-227c570bd8aa","buildName":"projects/175757989798/locations/us-central1/builds/b57bc17f-a390-4ce5-8e28-227c570bd8aa"}}
[debug] [2023-02-10T23:30:09.607Z] [create-default-us-central1-createUserDocument] Retrying task index 0
[debug] [2023-02-10T23:30:09.607Z] >>> [apiv2][query] GET https://cloudfunctions.googleapis.com/v1/operations/cmVkZGl0LWNsb25lLTdjYzJmL3VzLWNlbnRyYWwxL2NyZWF0ZVVzZXJEb2N1bWVudC83c0VJanlrblp0OA [none]
[debug] [2023-02-10T23:30:09.774Z] <<< [apiv2][status] GET https://cloudfunctions.googleapis.com/v1/operations/cmVkZGl0LWNsb25lLTdjYzJmL3VzLWNlbnRyYWwxL2NyZWF0ZVVzZXJEb2N1bWVudC83c0VJanlrblp0OA 200
[debug] [2023-02-10T23:30:09.775Z] <<< [apiv2][body] GET https://cloudfunctions.googleapis.com/v1/operations/cmVkZGl0LWNsb25lLTdjYzJmL3VzLWNlbnRyYWwxL2NyZWF0ZVVzZXJEb2N1bWVudC83c0VJanlrblp0OA {"name":"operations/cmVkZGl0LWNsb25lLTdjYzJmL3VzLWNlbnRyYWwxL2NyZWF0ZVVzZXJEb2N1bWVudC83c0VJanlrblp0OA","metadata":{"@type":"type.googleapis.com/google.cloud.functions.v1.OperationMetadataV1","target":"projects/reddit-clone-7cc2f/locations/us-central1/functions/createUserDocument","type":"CREATE_FUNCTION","request":{"@type":"type.googleapis.com/google.cloud.functions.v1.CloudFunction","name":"projects/reddit-clone-7cc2f/locations/us-central1/functions/createUserDocument","eventTrigger":{"eventType":"providers/firebase.auth/eventTypes/user.create","resource":"projects/reddit-clone-7cc2f"},"entryPoint":"createUserDocument","labels":{"deployment-tool":"cli-firebase","firebase-functions-hash":"2671c96c0d604051baeff820697ed6f33d873d1a"},"sourceUploadUrl":"https://storage.googleapis.com/uploads-434089803543.us-central1.cloudfunctions.appspot.com/e2fe4212-647d-48db-9b13-bdafecfbbf3c.zip?GoogleAccessId=service-175757989798@gcf-admin-robot.iam.gserviceaccount.com&Expires=1676073530&Signature=lDzkGRlSE0mmHjr9510i%2B3BAMn212IaG0wQWfRlCRhHLLfYdy5HWEAgXATNCr9uPt1xr87zs81v2Eg91vnDp1BK%2F37PxI%2FG4C2PfGJ8CIone6MFV8pgciGryS%2FaPW9Mf7ie0wyUzA%2F2a9H06PkYx34QgqZNPDnNJqNZAFv4sOuvkjBVeZuzwrKHLedLclnnge7aocdle6Jsakmx0nwgbMzxS6aPt0t654l7Sc%2BEFORxqydtIBatCHlDMJSG15Uy9yNi7CXxZLSgt8KycnmLzvKs6dty6YhC08GHH7eB3rq%2F0nkeNrZPeahizHfOw%2BqESegVqLKpEt9BizAO7AFvzcw%3D%3D","environmentVariables":{"FIREBASE_CONFIG":"{\"projectId\":\"reddit-clone-7cc2f\",\"storageBucket\":\"reddit-clone-7cc2f.appspot.com\"}","GCLOUD_PROJECT":"reddit-clone-7cc2f","EVENTARC_CLOUD_EVENT_SOURCE":"projects/reddit-clone-7cc2f/locations/us-central1/functions/createUserDocument"},"runtime":"nodejs16","dockerRegistry":"ARTIFACT_REGISTRY"},"versionId":"1","updateTime":"2023-02-10T23:28:52Z","buildId":"b57bc17f-a390-4ce5-8e28-227c570bd8aa","buildName":"projects/175757989798/locations/us-central1/builds/b57bc17f-a390-4ce5-8e28-227c570bd8aa"}}
[debug] [2023-02-10T23:30:19.775Z] [create-default-us-central1-createUserDocument] Retrying task index 0
[debug] [2023-02-10T23:30:19.776Z] >>> [apiv2][query] GET https://cloudfunctions.googleapis.com/v1/operations/cmVkZGl0LWNsb25lLTdjYzJmL3VzLWNlbnRyYWwxL2NyZWF0ZVVzZXJEb2N1bWVudC83c0VJanlrblp0OA [none]
[debug] [2023-02-10T23:30:20.022Z] <<< [apiv2][status] GET https://cloudfunctions.googleapis.com/v1/operations/cmVkZGl0LWNsb25lLTdjYzJmL3VzLWNlbnRyYWwxL2NyZWF0ZVVzZXJEb2N1bWVudC83c0VJanlrblp0OA 200
[debug] [2023-02-10T23:30:20.022Z] <<< [apiv2][body] GET https://cloudfunctions.googleapis.com/v1/operations/cmVkZGl0LWNsb25lLTdjYzJmL3VzLWNlbnRyYWwxL2NyZWF0ZVVzZXJEb2N1bWVudC83c0VJanlrblp0OA {"name":"operations/cmVkZGl0LWNsb25lLTdjYzJmL3VzLWNlbnRyYWwxL2NyZWF0ZVVzZXJEb2N1bWVudC83c0VJanlrblp0OA","metadata":{"@type":"type.googleapis.com/google.cloud.functions.v1.OperationMetadataV1","target":"projects/reddit-clone-7cc2f/locations/us-central1/functions/createUserDocument","type":"CREATE_FUNCTION","request":{"@type":"type.googleapis.com/google.cloud.functions.v1.CloudFunction","name":"projects/reddit-clone-7cc2f/locations/us-central1/functions/createUserDocument","eventTrigger":{"eventType":"providers/firebase.auth/eventTypes/user.create","resource":"projects/reddit-clone-7cc2f"},"entryPoint":"createUserDocument","labels":{"deployment-tool":"cli-firebase","firebase-functions-hash":"2671c96c0d604051baeff820697ed6f33d873d1a"},"sourceUploadUrl":"https://storage.googleapis.com/uploads-434089803543.us-central1.cloudfunctions.appspot.com/e2fe4212-647d-48db-9b13-bdafecfbbf3c.zip?GoogleAccessId=service-175757989798@gcf-admin-robot.iam.gserviceaccount.com&Expires=1676073530&Signature=lDzkGRlSE0mmHjr9510i%2B3BAMn212IaG0wQWfRlCRhHLLfYdy5HWEAgXATNCr9uPt1xr87zs81v2Eg91vnDp1BK%2F37PxI%2FG4C2PfGJ8CIone6MFV8pgciGryS%2FaPW9Mf7ie0wyUzA%2F2a9H06PkYx34QgqZNPDnNJqNZAFv4sOuvkjBVeZuzwrKHLedLclnnge7aocdle6Jsakmx0nwgbMzxS6aPt0t654l7Sc%2BEFORxqydtIBatCHlDMJSG15Uy9yNi7CXxZLSgt8KycnmLzvKs6dty6YhC08GHH7eB3rq%2F0nkeNrZPeahizHfOw%2BqESegVqLKpEt9BizAO7AFvzcw%3D%3D","environmentVariables":{"FIREBASE_CONFIG":"{\"projectId\":\"reddit-clone-7cc2f\",\"storageBucket\":\"reddit-clone-7cc2f.appspot.com\"}","GCLOUD_PROJECT":"reddit-clone-7cc2f","EVENTARC_CLOUD_EVENT_SOURCE":"projects/reddit-clone-7cc2f/locations/us-central1/functions/createUserDocument"},"runtime":"nodejs16","dockerRegistry":"ARTIFACT_REGISTRY"},"versionId":"1","updateTime":"2023-02-10T23:28:52Z","buildId":"b57bc17f-a390-4ce5-8e28-227c570bd8aa","sourceToken":"8758002d-5659-4edd-b5e9-b052c0a0ce0f","buildName":"projects/175757989798/locations/us-central1/builds/b57bc17f-a390-4ce5-8e28-227c570bd8aa"}}
[debug] [2023-02-10T23:30:20.022Z] Got source token 8758002d-5659-4edd-b5e9-b052c0a0ce0f for region us-central1
[debug] [2023-02-10T23:30:30.023Z] [create-default-us-central1-createUserDocument] Retrying task index 0
[debug] [2023-02-10T23:30:30.023Z] >>> [apiv2][query] GET https://cloudfunctions.googleapis.com/v1/operations/cmVkZGl0LWNsb25lLTdjYzJmL3VzLWNlbnRyYWwxL2NyZWF0ZVVzZXJEb2N1bWVudC83c0VJanlrblp0OA [none]
[debug] [2023-02-10T23:30:30.195Z] <<< [apiv2][status] GET https://cloudfunctions.googleapis.com/v1/operations/cmVkZGl0LWNsb25lLTdjYzJmL3VzLWNlbnRyYWwxL2NyZWF0ZVVzZXJEb2N1bWVudC83c0VJanlrblp0OA 200
[debug] [2023-02-10T23:30:30.195Z] <<< [apiv2][body] GET https://cloudfunctions.googleapis.com/v1/operations/cmVkZGl0LWNsb25lLTdjYzJmL3VzLWNlbnRyYWwxL2NyZWF0ZVVzZXJEb2N1bWVudC83c0VJanlrblp0OA {"name":"operations/cmVkZGl0LWNsb25lLTdjYzJmL3VzLWNlbnRyYWwxL2NyZWF0ZVVzZXJEb2N1bWVudC83c0VJanlrblp0OA","metadata":{"@type":"type.googleapis.com/google.cloud.functions.v1.OperationMetadataV1","target":"projects/reddit-clone-7cc2f/locations/us-central1/functions/createUserDocument","type":"CREATE_FUNCTION","request":{"@type":"type.googleapis.com/google.cloud.functions.v1.CloudFunction","name":"projects/reddit-clone-7cc2f/locations/us-central1/functions/createUserDocument","eventTrigger":{"eventType":"providers/firebase.auth/eventTypes/user.create","resource":"projects/reddit-clone-7cc2f"},"entryPoint":"createUserDocument","labels":{"deployment-tool":"cli-firebase","firebase-functions-hash":"2671c96c0d604051baeff820697ed6f33d873d1a"},"sourceUploadUrl":"https://storage.googleapis.com/uploads-434089803543.us-central1.cloudfunctions.appspot.com/e2fe4212-647d-48db-9b13-bdafecfbbf3c.zip?GoogleAccessId=service-175757989798@gcf-admin-robot.iam.gserviceaccount.com&Expires=1676073530&Signature=lDzkGRlSE0mmHjr9510i%2B3BAMn212IaG0wQWfRlCRhHLLfYdy5HWEAgXATNCr9uPt1xr87zs81v2Eg91vnDp1BK%2F37PxI%2FG4C2PfGJ8CIone6MFV8pgciGryS%2FaPW9Mf7ie0wyUzA%2F2a9H06PkYx34QgqZNPDnNJqNZAFv4sOuvkjBVeZuzwrKHLedLclnnge7aocdle6Jsakmx0nwgbMzxS6aPt0t654l7Sc%2BEFORxqydtIBatCHlDMJSG15Uy9yNi7CXxZLSgt8KycnmLzvKs6dty6YhC08GHH7eB3rq%2F0nkeNrZPeahizHfOw%2BqESegVqLKpEt9BizAO7AFvzcw%3D%3D","environmentVariables":{"FIREBASE_CONFIG":"{\"projectId\":\"reddit-clone-7cc2f\",\"storageBucket\":\"reddit-clone-7cc2f.appspot.com\"}","GCLOUD_PROJECT":"reddit-clone-7cc2f","EVENTARC_CLOUD_EVENT_SOURCE":"projects/reddit-clone-7cc2f/locations/us-central1/functions/createUserDocument"},"runtime":"nodejs16","dockerRegistry":"ARTIFACT_REGISTRY"},"versionId":"1","updateTime":"2023-02-10T23:28:52Z","buildId":"b57bc17f-a390-4ce5-8e28-227c570bd8aa","sourceToken":"8758002d-5659-4edd-b5e9-b052c0a0ce0f","buildName":"projects/175757989798/locations/us-central1/builds/b57bc17f-a390-4ce5-8e28-227c570bd8aa"}}
[debug] [2023-02-10T23:30:30.196Z] Got source token 8758002d-5659-4edd-b5e9-b052c0a0ce0f for region us-central1
[debug] [2023-02-10T23:30:40.197Z] [create-default-us-central1-createUserDocument] Retrying task index 0
[debug] [2023-02-10T23:30:40.197Z] >>> [apiv2][query] GET https://cloudfunctions.googleapis.com/v1/operations/cmVkZGl0LWNsb25lLTdjYzJmL3VzLWNlbnRyYWwxL2NyZWF0ZVVzZXJEb2N1bWVudC83c0VJanlrblp0OA [none]
[debug] [2023-02-10T23:30:40.398Z] <<< [apiv2][status] GET https://cloudfunctions.googleapis.com/v1/operations/cmVkZGl0LWNsb25lLTdjYzJmL3VzLWNlbnRyYWwxL2NyZWF0ZVVzZXJEb2N1bWVudC83c0VJanlrblp0OA 200
[debug] [2023-02-10T23:30:40.399Z] <<< [apiv2][body] GET https://cloudfunctions.googleapis.com/v1/operations/cmVkZGl0LWNsb25lLTdjYzJmL3VzLWNlbnRyYWwxL2NyZWF0ZVVzZXJEb2N1bWVudC83c0VJanlrblp0OA {"name":"operations/cmVkZGl0LWNsb25lLTdjYzJmL3VzLWNlbnRyYWwxL2NyZWF0ZVVzZXJEb2N1bWVudC83c0VJanlrblp0OA","metadata":{"@type":"type.googleapis.com/google.cloud.functions.v1.OperationMetadataV1","target":"projects/reddit-clone-7cc2f/locations/us-central1/functions/createUserDocument","type":"CREATE_FUNCTION","request":{"@type":"type.googleapis.com/google.cloud.functions.v1.CloudFunction","name":"projects/reddit-clone-7cc2f/locations/us-central1/functions/createUserDocument","eventTrigger":{"eventType":"providers/firebase.auth/eventTypes/user.create","resource":"projects/reddit-clone-7cc2f"},"entryPoint":"createUserDocument","labels":{"deployment-tool":"cli-firebase","firebase-functions-hash":"2671c96c0d604051baeff820697ed6f33d873d1a"},"sourceUploadUrl":"https://storage.googleapis.com/uploads-434089803543.us-central1.cloudfunctions.appspot.com/e2fe4212-647d-48db-9b13-bdafecfbbf3c.zip?GoogleAccessId=service-175757989798@gcf-admin-robot.iam.gserviceaccount.com&Expires=1676073530&Signature=lDzkGRlSE0mmHjr9510i%2B3BAMn212IaG0wQWfRlCRhHLLfYdy5HWEAgXATNCr9uPt1xr87zs81v2Eg91vnDp1BK%2F37PxI%2FG4C2PfGJ8CIone6MFV8pgciGryS%2FaPW9Mf7ie0wyUzA%2F2a9H06PkYx34QgqZNPDnNJqNZAFv4sOuvkjBVeZuzwrKHLedLclnnge7aocdle6Jsakmx0nwgbMzxS6aPt0t654l7Sc%2BEFORxqydtIBatCHlDMJSG15Uy9yNi7CXxZLSgt8KycnmLzvKs6dty6YhC08GHH7eB3rq%2F0nkeNrZPeahizHfOw%2BqESegVqLKpEt9BizAO7AFvzcw%3D%3D","environmentVariables":{"FIREBASE_CONFIG":"{\"projectId\":\"reddit-clone-7cc2f\",\"storageBucket\":\"reddit-clone-7cc2f.appspot.com\"}","GCLOUD_PROJECT":"reddit-clone-7cc2f","EVENTARC_CLOUD_EVENT_SOURCE":"projects/reddit-clone-7cc2f/locations/us-central1/functions/createUserDocument"},"runtime":"nodejs16","dockerRegistry":"ARTIFACT_REGISTRY"},"versionId":"1","updateTime":"2023-02-10T23:28:52Z","buildId":"b57bc17f-a390-4ce5-8e28-227c570bd8aa","sourceToken":"8758002d-5659-4edd-b5e9-b052c0a0ce0f","buildName":"projects/175757989798/locations/us-central1/builds/b57bc17f-a390-4ce5-8e28-227c570bd8aa"}}
[debug] [2023-02-10T23:30:40.399Z] Got source token 8758002d-5659-4edd-b5e9-b052c0a0ce0f for region us-central1
